Fri Nov 10 15:18:29 2023
â†’[d] 
Fri Nov 10 15:18:47 2023
â†’[v] test
Fri Nov 10 15:20:09 2023
â†’[v] test
Fri Nov 10 15:21:01 2023
â†’[v] test
Fri Nov 10 15:21:06 2023
â†’[u] test
Fri Nov 10 15:30:23 2023
â†’[u] test
Fri Nov 10 15:33:29 2023
â†’[o] testlink
Fri Nov 10 15:35:35 2023
â†’[l] testlink
Fri Nov 10 15:36:02 2023
â†’[ÿ] testlink
Fri Nov 10 15:51:18 2023
â†’[u] test
Fri Nov 10 15:51:47 2023
â†’[v] testlink
Fri Nov 10 15:51:58 2023
â†’[x] testlink
Fri Nov 10 15:52:25 2023
â†’[m] testlink
Fri Nov 10 15:52:47 2023
â†’[m] testlink
Fri Nov 10 16:15:13 2023
â†’[m] httpsdl://testlink
Fri Nov 10 16:15:45 2023
â†’[m] https://testlink
